[debug] [2024-03-23T18:35:47.140Z] ----------------------------------------------------------------------
[debug] [2024-03-23T18:35:47.145Z] Command:       C:\Program Files\nodejs\node.exe C:\Users\varsha nalawade\AppData\Roaming\npm\node_modules\firebase-tools\lib\bin\firebase.js init
[debug] [2024-03-23T18:35:47.146Z] CLI Version:   13.5.2
[debug] [2024-03-23T18:35:47.146Z] Platform:      win32
[debug] [2024-03-23T18:35:47.146Z] Node Version:  v20.11.1
[debug] [2024-03-23T18:35:47.146Z] Time:          Sun Mar 24 2024 00:05:47 GMT+0530 (India Standard Time)
[debug] [2024-03-23T18:35:47.147Z] ----------------------------------------------------------------------
[debug] 
[debug] [2024-03-23T18:35:47.152Z] > command requires scopes: ["email","openid","https://www.googleapis.com/auth/cloudplatformprojects.readonly","https://www.googleapis.com/auth/firebase","https://www.googleapis.com/auth/cloud-platform"]
[debug] [2024-03-23T18:35:47.153Z] > authorizing via signed-in user (nalawadevarsha605@gmail.com)
[info] 
     ######## #### ########  ######## ########     ###     ######  ########
     ##        ##  ##     ## ##       ##     ##  ##   ##  ##       ##
     ######    ##  ########  ######   ########  #########  ######  ######
     ##        ##  ##    ##  ##       ##     ## ##     ##       ## ##
     ##       #### ##     ## ######## ########  ##     ##  ######  ########

You're about to initialize a Firebase project in this directory:

  C:\Users\varsha nalawade\moneytreblue

[info] 
=== Project Setup
[info] 
[info] First, let's associate this project directory with a Firebase project.
[info] You can create multiple project aliases by running firebase use --add, 
[info] but for now we'll just set up a default project.
[info] 
[debug] [2024-03-23T18:35:56.526Z] > refreshing access token with scopes: []
[debug] [2024-03-23T18:35:56.528Z] >>> [apiv2][query] POST https://www.googleapis.com/oauth2/v3/token [none]
[debug] [2024-03-23T18:35:56.528Z] >>> [apiv2][body] POST https://www.googleapis.com/oauth2/v3/token [omitted]
[debug] [2024-03-23T18:35:57.609Z] <<< [apiv2][status] POST https://www.googleapis.com/oauth2/v3/token 400
[debug] [2024-03-23T18:35:57.609Z] <<< [apiv2][body] POST https://www.googleapis.com/oauth2/v3/token [omitted]
[debug] [2024-03-23T18:35:57.610Z] >>> [apiv2][query] GET https://firebase.googleapis.com/v1beta1/projects pageSize=100
[debug] [2024-03-23T18:35:58.436Z] <<< [apiv2][status] GET https://firebase.googleapis.com/v1beta1/projects 401
[debug] [2024-03-23T18:35:58.436Z] <<< [apiv2][body] GET https://firebase.googleapis.com/v1beta1/projects [omitted]
[debug] [2024-03-23T18:35:58.437Z] HTTP Error: 401, Request had invalid authentication credentials. Expected OAuth 2 access token, login cookie or other valid authentication credential. See https://developers.google.com/identity/sign-in/web/devconsole-project.
[debug] [2024-03-23T18:35:59.010Z] FirebaseError: HTTP Error: 401, Request had invalid authentication credentials. Expected OAuth 2 access token, login cookie or other valid authentication credential. See https://developers.google.com/identity/sign-in/web/devconsole-project.
    at responseToError (C:\Users\varsha nalawade\AppData\Roaming\npm\node_modules\firebase-tools\lib\responseToError.js:49:12)
    at RetryOperation._fn (C:\Users\varsha nalawade\AppData\Roaming\npm\node_modules\firebase-tools\lib\apiv2.js:297:77)
    at process.processTicksAndRejections (node:internal/process/task_queues:95:5)
[error] 
[error] Error: Failed to list Firebase projects. See firebase-debug.log for more info.
[debug] [2024-03-23T18:41:00.827Z] ----------------------------------------------------------------------
[debug] [2024-03-23T18:41:00.835Z] Command:       C:\Program Files\nodejs\node.exe C:\Users\varsha nalawade\AppData\Roaming\npm\node_modules\firebase-tools\lib\bin\firebase.js login
[debug] [2024-03-23T18:41:00.836Z] CLI Version:   13.5.2
[debug] [2024-03-23T18:41:00.837Z] Platform:      win32
[debug] [2024-03-23T18:41:00.837Z] Node Version:  v20.11.1
[debug] [2024-03-23T18:41:00.838Z] Time:          Sun Mar 24 2024 00:11:00 GMT+0530 (India Standard Time)
[debug] [2024-03-23T18:41:00.838Z] ----------------------------------------------------------------------
[debug] 
[info] Already logged in as nalawadevarsha605@gmail.com
[debug] [2024-03-23T18:41:10.942Z] Error: Timed out.
    at Timeout._onTimeout (C:\Users\varsha nalawade\AppData\Roaming\npm\node_modules\firebase-tools\lib\utils.js:258:49)
    at listOnTimeout (node:internal/timers:573:17)
    at process.processTimers (node:internal/timers:514:7)
[error] 
[error] Error: An unexpected error has occurred.
